<?xml version="1.0" encoding="UTF-8"?>
<!-- Generated by org.testng.reporters.JUnitReportReporter -->
<testsuite hostname="LAPTOP-KR2TJOMA" name="testNG_Project.AddCatagory" tests="1" failures="0" timestamp="12 Dec 2022 23:37:52 GMT" time="6.076" errors="0">
  <testcase name="toggleAll" time="6.076" classname="testNG_Project.AddCatagory"/>
</testsuite> <!-- testNG_Project.AddCatagory -->
